2022-05-24T19:34:08.043+1000 [DEBUG] [org.gradle.launcher.daemon.bootstrap.DaemonMain] Assuming the daemon was started with following jvm opts: [-XX:MaxMetaspaceSize=256m, -XX:+HeapDumpOnOutOfMemoryError, -agentlib:jdwp=transport=dt_socket,server=n,suspend=y,address=127.0.0.1:50162, --add-opens, java.base/java.util=ALL-UNNAMED, --add-opens, java.base/java.lang=ALL-UNNAMED, --add-opens, java.base/java.lang.invoke=ALL-UNNAMED, --add-opens, java.base/java.util=ALL-UNNAMED, --add-opens, java.prefs/java.util.prefs=ALL-UNNAMED, --add-opens, java.prefs/java.util.prefs=ALL-UNNAMED, --add-opens, java.base/java.nio.charset=ALL-UNNAMED, --add-opens, java.base/java.net=ALL-UNNAMED, --add-opens, java.base/java.util.concurrent.atomic=ALL-UNNAMED, -Xms256m, -Xmx512m, -Dfile.encoding=windows-1252, -Duser.country=AU, -Duser.language=en, -Duser.variant]
2022-05-24T19:34:08.286+1000 [DEBUG] [org.gradle.internal.nativeintegration.services.NativeServices] Native-platform posix files integration is not available. Continuing with fallback.
2022-05-24T19:34:08.302+1000 [INFO] [org.gradle.launcher.daemon.server.Daemon] start() called on daemon - DefaultDaemonContext[uid=e5e46680-113d-4724-9606-c41408609986,javaHome=C:\Program Files\JetBrains\IntelliJ IDEA 2022.1.1\jbr,daemonRegistryDir=E:\Java\Java exercise\daemon,pid=33576,idleTimeout=10800000,priority=NORMAL,daemonOpts=-XX:MaxMetaspaceSize=256m,-XX:+HeapDumpOnOutOfMemoryError,-agentlib:jdwp=transport=dt_socket,server=n,suspend=y,address=127.0.0.1:50162,--add-opens,java.base/java.util=ALL-UNNAMED,--add-opens,java.base/java.lang=ALL-UNNAMED,--add-opens,java.base/java.lang.invoke=ALL-UNNAMED,--add-opens,java.base/java.util=ALL-UNNAMED,--add-opens,java.prefs/java.util.prefs=ALL-UNNAMED,--add-opens,java.prefs/java.util.prefs=ALL-UNNAMED,--add-opens,java.base/java.nio.charset=ALL-UNNAMED,--add-opens,java.base/java.net=ALL-UNNAMED,--add-opens,java.base/java.util.concurrent.atomic=ALL-UNNAMED,-Xms256m,-Xmx512m,-Dfile.encoding=windows-1252,-Duser.country=AU,-Duser.language=en,-Duser.variant]
2022-05-24T19:34:09.634+1000 [DEBUG] [org.gradle.internal.remote.internal.inet.InetAddresses] Adding IP addresses for network interface Software Loopback Interface 1
2022-05-24T19:34:09.639+1000 [DEBUG] [org.gradle.internal.remote.internal.inet.InetAddresses] Is this a loopback interface? true
2022-05-24T19:34:09.639+1000 [DEBUG] [org.gradle.internal.remote.internal.inet.InetAddresses] Adding loopback address /127.0.0.1
2022-05-24T19:34:09.640+1000 [DEBUG] [org.gradle.internal.remote.internal.inet.InetAddresses] Adding loopback address /0:0:0:0:0:0:0:1
2022-05-24T19:34:09.640+1000 [DEBUG] [org.gradle.internal.remote.internal.inet.InetAddresses] Adding IP addresses for network interface Windscribe Windtun420
2022-05-24T19:34:09.646+1000 [DEBUG] [org.gradle.internal.remote.internal.inet.InetAddresses] Is this a loopback interface? false
2022-05-24T19:34:09.646+1000 [DEBUG] [org.gradle.internal.remote.internal.inet.InetAddresses] Adding remote address /fe80:0:0:0:24b7:1932:e574:7383%net0
2022-05-24T19:34:09.646+1000 [DEBUG] [org.gradle.internal.remote.internal.inet.InetAddresses] Adding IP addresses for network interface Microsoft 6to4 Adapter
2022-05-24T19:34:09.652+1000 [DEBUG] [org.gradle.internal.remote.internal.inet.InetAddresses] Is this a loopback interface? false
2022-05-24T19:34:09.653+1000 [DEBUG] [org.gradle.internal.remote.internal.inet.InetAddresses] Adding IP addresses for network interface WAN Miniport (IPv6)
2022-05-24T19:34:09.658+1000 [DEBUG] [org.gradle.internal.remote.internal.inet.InetAddresses] Is this a loopback interface? false
2022-05-24T19:34:09.658+1000 [DEBUG] [org.gradle.internal.remote.internal.inet.InetAddresses] Adding IP addresses for network interface Microsoft Wi-Fi Direct Virtual Adapter #2
2022-05-24T19:34:09.663+1000 [DEBUG] [org.gradle.internal.remote.internal.inet.InetAddresses] Is this a loopback interface? false
2022-05-24T19:34:09.664+1000 [DEBUG] [org.gradle.internal.remote.internal.inet.InetAddresses] Adding remote address /fe80:0:0:0:9443:d410:9992:3c6e%wlan0
2022-05-24T19:34:09.664+1000 [DEBUG] [org.gradle.internal.remote.internal.inet.InetAddresses] Adding IP addresses for network interface Microsoft IP-HTTPS Platform Adapter
2022-05-24T19:34:09.670+1000 [DEBUG] [org.gradle.internal.remote.internal.inet.InetAddresses] Is this a loopback interface? false
2022-05-24T19:34:09.670+1000 [DEBUG] [org.gradle.internal.remote.internal.inet.InetAddresses] Adding IP addresses for network interface WAN Miniport (Network Monitor)
2022-05-24T19:34:09.675+1000 [DEBUG] [org.gradle.internal.remote.internal.inet.InetAddresses] Is this a loopback interface? false
2022-05-24T19:34:09.676+1000 [DEBUG] [org.gradle.internal.remote.internal.inet.InetAddresses] Adding IP addresses for network interface TAP-NordVPN Windows Adapter V9
2022-05-24T19:34:09.682+1000 [DEBUG] [org.gradle.internal.remote.internal.inet.InetAddresses] Is this a loopback interface? false
2022-05-24T19:34:09.682+1000 [DEBUG] [org.gradle.internal.remote.internal.inet.InetAddresses] Adding remote address /fe80:0:0:0:582b:b32f:41e0:204f%eth2
2022-05-24T19:34:09.682+1000 [DEBUG] [org.gradle.internal.remote.internal.inet.InetAddresses] Adding IP addresses for network interface Realtek USB GbE Family Controller
2022-05-24T19:34:09.688+1000 [DEBUG] [org.gradle.internal.remote.internal.inet.InetAddresses] Is this a loopback interface? false
2022-05-24T19:34:09.688+1000 [DEBUG] [org.gradle.internal.remote.internal.inet.InetAddresses] Adding IP addresses for network interface WAN Miniport (PPPOE)
2022-05-24T19:34:09.693+1000 [DEBUG] [org.gradle.internal.remote.internal.inet.InetAddresses] Is this a loopback interface? false
2022-05-24T19:34:09.693+1000 [DEBUG] [org.gradle.internal.remote.internal.inet.InetAddresses] Adding IP addresses for network interface Intel(R) Dual Band Wireless-AC 3168
2022-05-24T19:34:09.700+1000 [DEBUG] [org.gradle.internal.remote.internal.inet.InetAddresses] Is this a loopback interface? false
2022-05-24T19:34:09.700+1000 [DEBUG] [org.gradle.internal.remote.internal.inet.InetAddresses] Adding remote address /192.168.0.154
2022-05-24T19:34:09.700+1000 [DEBUG] [org.gradle.internal.remote.internal.inet.InetAddresses] Adding remote address /fe80:0:0:0:98aa:b00f:efd9:ee05%wlan1
2022-05-24T19:34:09.700+1000 [DEBUG] [org.gradle.internal.remote.internal.inet.InetAddresses] Adding IP addresses for network interface WAN Miniport (PPTP)
2022-05-24T19:34:09.706+1000 [DEBUG] [org.gradle.internal.remote.internal.inet.InetAddresses] Is this a loopback interface? false
2022-05-24T19:34:09.706+1000 [DEBUG] [org.gradle.internal.remote.internal.inet.InetAddresses] Adding IP addresses for network interface Windscribe VPN
2022-05-24T19:34:09.712+1000 [DEBUG] [org.gradle.internal.remote.internal.inet.InetAddresses] Is this a loopback interface? false
2022-05-24T19:34:09.712+1000 [DEBUG] [org.gradle.internal.remote.internal.inet.InetAddresses] Adding remote address /fe80:0:0:0:2d09:b4c7:f569:b28%net4
2022-05-24T19:34:09.712+1000 [DEBUG] [org.gradle.internal.remote.internal.inet.InetAddresses] Adding IP addresses for network interface WAN Miniport (L2TP)
2022-05-24T19:34:09.718+1000 [DEBUG] [org.gradle.internal.remote.internal.inet.InetAddresses] Is this a loopback interface? false
2022-05-24T19:34:09.718+1000 [DEBUG] [org.gradle.internal.remote.internal.inet.InetAddresses] Adding IP addresses for network interface Microsoft Wi-Fi Direct Virtual Adapter-WFP Native MAC Layer LightWeight Filter-0000
2022-05-24T19:34:09.724+1000 [DEBUG] [org.gradle.internal.remote.internal.inet.InetAddresses] Is this a loopback interface? false
2022-05-24T19:34:09.724+1000 [DEBUG] [org.gradle.internal.remote.internal.inet.InetAddresses] Adding IP addresses for network interface Microsoft Teredo Tunneling Adapter
2022-05-24T19:34:09.729+1000 [DEBUG] [org.gradle.internal.remote.internal.inet.InetAddresses] Is this a loopback interface? false
2022-05-24T19:34:09.730+1000 [DEBUG] [org.gradle.internal.remote.internal.inet.InetAddresses] Adding IP addresses for network interface Microsoft Wi-Fi Direct Virtual Adapter
2022-05-24T19:34:09.735+1000 [DEBUG] [org.gradle.internal.remote.internal.inet.InetAddresses] Is this a loopback interface? false
2022-05-24T19:34:09.735+1000 [DEBUG] [org.gradle.internal.remote.internal.inet.InetAddresses] Adding remote address /fe80:0:0:0:8000:272c:a6ab:4cf1%wlan3
2022-05-24T19:34:09.735+1000 [DEBUG] [org.gradle.internal.remote.internal.inet.InetAddresses] Adding IP addresses for network interface Microsoft Kernel Debug Network Adapter
2022-05-24T19:34:09.741+1000 [DEBUG] [org.gradle.internal.remote.internal.inet.InetAddresses] Is this a loopback interface? false
2022-05-24T19:34:09.741+1000 [DEBUG] [org.gradle.internal.remote.internal.inet.InetAddresses] Adding IP addresses for network interface Microsoft Wi-Fi Direct Virtual Adapter-Native WiFi Filter Driver-0000
2022-05-24T19:34:09.747+1000 [DEBUG] [org.gradle.internal.remote.internal.inet.InetAddresses] Is this a loopback interface? false
2022-05-24T19:34:09.747+1000 [DEBUG] [org.gradle.internal.remote.internal.inet.InetAddresses] Adding IP addresses for network interface WAN Miniport (SSTP)
2022-05-24T19:34:09.752+1000 [DEBUG] [org.gradle.internal.remote.internal.inet.InetAddresses] Is this a loopback interface? false
2022-05-24T19:34:09.752+1000 [DEBUG] [org.gradle.internal.remote.internal.inet.InetAddresses] Adding IP addresses for network interface Bluetooth Device (Personal Area Network)
2022-05-24T19:34:09.757+1000 [DEBUG] [org.gradle.internal.remote.internal.inet.InetAddresses] Is this a loopback interface? false
2022-05-24T19:34:09.758+1000 [DEBUG] [org.gradle.internal.remote.internal.inet.InetAddresses] Adding remote address /fe80:0:0:0:a16b:cf3b:b39c:4f3%eth5
2022-05-24T19:34:09.758+1000 [DEBUG] [org.gradle.internal.remote.internal.inet.InetAddresses] Adding IP addresses for network interface WAN Miniport (IP)
2022-05-24T19:34:09.764+1000 [DEBUG] [org.gradle.internal.remote.internal.inet.InetAddresses] Is this a loopback interface? false
2022-05-24T19:34:09.764+1000 [DEBUG] [org.gradle.internal.remote.internal.inet.InetAddresses] Adding IP addresses for network interface WAN Miniport (IKEv2)
2022-05-24T19:34:09.769+1000 [DEBUG] [org.gradle.internal.remote.internal.inet.InetAddresses] Is this a loopback interface? false
2022-05-24T19:34:09.769+1000 [DEBUG] [org.gradle.internal.remote.internal.inet.InetAddresses] Adding IP addresses for network interface TAP-NordVPN Windows Adapter V9-WFP Native MAC Layer LightWeight Filter-0000
2022-05-24T19:34:09.775+1000 [DEBUG] [org.gradle.internal.remote.internal.inet.InetAddresses] Is this a loopback interface? false
2022-05-24T19:34:09.775+1000 [DEBUG] [org.gradle.internal.remote.internal.inet.InetAddresses] Adding IP addresses for network interface Hyper-V Virtual Switch Extension Adapter-Hyper-V Virtual Switch Extension Filter-0000
2022-05-24T19:34:09.781+1000 [DEBUG] [org.gradle.internal.remote.internal.inet.InetAddresses] Is this a loopback interface? false
2022-05-24T19:34:09.781+1000 [DEBUG] [org.gradle.internal.remote.internal.inet.InetAddresses] Adding IP addresses for network interface TAP-NordVPN Windows Adapter V9-NordVPN light-weight firwall module.-0000
2022-05-24T19:34:09.786+1000 [DEBUG] [org.gradle.internal.remote.internal.inet.InetAddresses] Is this a loopback interface? false
2022-05-24T19:34:09.787+1000 [DEBUG] [org.gradle.internal.remote.internal.inet.InetAddresses] Adding IP addresses for network interface TAP-NordVPN Windows Adapter V9-QoS Packet Scheduler-0000
2022-05-24T19:34:09.792+1000 [DEBUG] [org.gradle.internal.remote.internal.inet.InetAddresses] Is this a loopback interface? false
2022-05-24T19:34:09.792+1000 [DEBUG] [org.gradle.internal.remote.internal.inet.InetAddresses] Adding IP addresses for network interface WAN Miniport (IP)-WFP Native MAC Layer LightWeight Filter-0000
2022-05-24T19:34:09.798+1000 [DEBUG] [org.gradle.internal.remote.internal.inet.InetAddresses] Is this a loopback interface? false
2022-05-24T19:34:09.798+1000 [DEBUG] [org.gradle.internal.remote.internal.inet.InetAddresses] Adding IP addresses for network interface WAN Miniport (IP)-QoS Packet Scheduler-0000
2022-05-24T19:34:09.803+1000 [DEBUG] [org.gradle.internal.remote.internal.inet.InetAddresses] Is this a loopback interface? false
2022-05-24T19:34:09.803+1000 [DEBUG] [org.gradle.internal.remote.internal.inet.InetAddresses] Adding IP addresses for network interface WAN Miniport (IPv6)-WFP Native MAC Layer LightWeight Filter-0000
2022-05-24T19:34:09.809+1000 [DEBUG] [org.gradle.internal.remote.internal.inet.InetAddresses] Is this a loopback interface? false
2022-05-24T19:34:09.809+1000 [DEBUG] [org.gradle.internal.remote.internal.inet.InetAddresses] Adding IP addresses for network interface WAN Miniport (IPv6)-QoS Packet Scheduler-0000
2022-05-24T19:34:09.815+1000 [DEBUG] [org.gradle.internal.remote.internal.inet.InetAddresses] Is this a loopback interface? false
2022-05-24T19:34:09.815+1000 [DEBUG] [org.gradle.internal.remote.internal.inet.InetAddresses] Adding IP addresses for network interface WAN Miniport (Network Monitor)-WFP Native MAC Layer LightWeight Filter-0000
2022-05-24T19:34:09.820+1000 [DEBUG] [org.gradle.internal.remote.internal.inet.InetAddresses] Is this a loopback interface? false
2022-05-24T19:34:09.820+1000 [DEBUG] [org.gradle.internal.remote.internal.inet.InetAddresses] Adding IP addresses for network interface Intel(R) Dual Band Wireless-AC 3168-WFP Native MAC Layer LightWeight Filter-0000
2022-05-24T19:34:09.826+1000 [DEBUG] [org.gradle.internal.remote.internal.inet.InetAddresses] Is this a loopback interface? false
2022-05-24T19:34:09.826+1000 [DEBUG] [org.gradle.internal.remote.internal.inet.InetAddresses] Adding IP addresses for network interface Intel(R) Dual Band Wireless-AC 3168-Virtual WiFi Filter Driver-0000
2022-05-24T19:34:09.832+1000 [DEBUG] [org.gradle.internal.remote.internal.inet.InetAddresses] Is this a loopback interface? false
2022-05-24T19:34:09.832+1000 [DEBUG] [org.gradle.internal.remote.internal.inet.InetAddresses] Adding IP addresses for network interface Intel(R) Dual Band Wireless-AC 3168-Native WiFi Filter Driver-0000
2022-05-24T19:34:09.837+1000 [DEBUG] [org.gradle.internal.remote.internal.inet.InetAddresses] Is this a loopback interface? false
2022-05-24T19:34:09.838+1000 [DEBUG] [org.gradle.internal.remote.internal.inet.InetAddresses] Adding IP addresses for network interface Intel(R) Dual Band Wireless-AC 3168-NordVPN light-weight firwall module.-0000
2022-05-24T19:34:09.843+1000 [DEBUG] [org.gradle.internal.remote.internal.inet.InetAddresses] Is this a loopback interface? false
2022-05-24T19:34:09.843+1000 [DEBUG] [org.gradle.internal.remote.internal.inet.InetAddresses] Adding IP addresses for network interface Intel(R) Dual Band Wireless-AC 3168-QoS Packet Scheduler-0000
2022-05-24T19:34:09.849+1000 [DEBUG] [org.gradle.internal.remote.internal.inet.InetAddresses] Is this a loopback interface? false
2022-05-24T19:34:09.849+1000 [DEBUG] [org.gradle.internal.remote.internal.inet.InetAddresses] Adding IP addresses for network interface Intel(R) Dual Band Wireless-AC 3168-WFP 802.3 MAC Layer LightWeight Filter-0000
2022-05-24T19:34:09.854+1000 [DEBUG] [org.gradle.internal.remote.internal.inet.InetAddresses] Is this a loopback interface? false
2022-05-24T19:34:09.854+1000 [DEBUG] [org.gradle.internal.remote.internal.inet.InetAddresses] Adding IP addresses for network interface WAN Miniport (Network Monitor)-QoS Packet Scheduler-0000
2022-05-24T19:34:09.860+1000 [DEBUG] [org.gradle.internal.remote.internal.inet.InetAddresses] Is this a loopback interface? false
2022-05-24T19:34:09.860+1000 [DEBUG] [org.gradle.internal.remote.internal.inet.InetAddresses] Adding IP addresses for network interface Microsoft Wi-Fi Direct Virtual Adapter-NordVPN light-weight firwall module.-0000
2022-05-24T19:34:09.865+1000 [DEBUG] [org.gradle.internal.remote.internal.inet.InetAddresses] Is this a loopback interface? false
2022-05-24T19:34:09.865+1000 [DEBUG] [org.gradle.internal.remote.internal.inet.InetAddresses] Adding IP addresses for network interface Microsoft Wi-Fi Direct Virtual Adapter-QoS Packet Scheduler-0000
2022-05-24T19:34:09.871+1000 [DEBUG] [org.gradle.internal.remote.internal.inet.InetAddresses] Is this a loopback interface? false
2022-05-24T19:34:09.871+1000 [DEBUG] [org.gradle.internal.remote.internal.inet.InetAddresses] Adding IP addresses for network interface Microsoft Wi-Fi Direct Virtual Adapter-WFP 802.3 MAC Layer LightWeight Filter-0000
2022-05-24T19:34:09.876+1000 [DEBUG] [org.gradle.internal.remote.internal.inet.InetAddresses] Is this a loopback interface? false
2022-05-24T19:34:09.877+1000 [DEBUG] [org.gradle.internal.remote.internal.inet.InetAddresses] Adding IP addresses for network interface Microsoft Wi-Fi Direct Virtual Adapter #2-WFP Native MAC Layer LightWeight Filter-0000
2022-05-24T19:34:09.882+1000 [DEBUG] [org.gradle.internal.remote.internal.inet.InetAddresses] Is this a loopback interface? false
2022-05-24T19:34:09.882+1000 [DEBUG] [org.gradle.internal.remote.internal.inet.InetAddresses] Adding IP addresses for network interface Microsoft Wi-Fi Direct Virtual Adapter #2-Native WiFi Filter Driver-0000
2022-05-24T19:34:09.888+1000 [DEBUG] [org.gradle.internal.remote.internal.inet.InetAddresses] Is this a loopback interface? false
2022-05-24T19:34:09.888+1000 [DEBUG] [org.gradle.internal.remote.internal.inet.InetAddresses] Adding IP addresses for network interface Microsoft Wi-Fi Direct Virtual Adapter #2-NordVPN light-weight firwall module.-0000
2022-05-24T19:34:09.893+1000 [DEBUG] [org.gradle.internal.remote.internal.inet.InetAddresses] Is this a loopback interface? false
2022-05-24T19:34:09.893+1000 [DEBUG] [org.gradle.internal.remote.internal.inet.InetAddresses] Adding IP addresses for network interface Microsoft Wi-Fi Direct Virtual Adapter #2-QoS Packet Scheduler-0000
2022-05-24T19:34:09.899+1000 [DEBUG] [org.gradle.internal.remote.internal.inet.InetAddresses] Is this a loopback interface? false
2022-05-24T19:34:09.899+1000 [DEBUG] [org.gradle.internal.remote.internal.inet.InetAddresses] Adding IP addresses for network interface Microsoft Wi-Fi Direct Virtual Adapter #2-WFP 802.3 MAC Layer LightWeight Filter-0000
2022-05-24T19:34:09.904+1000 [DEBUG] [org.gradle.internal.remote.internal.inet.InetAddresses] Is this a loopback interface? false
2022-05-24T19:34:09.904+1000 [DEBUG] [org.gradle.internal.remote.internal.inet.InetAddresses] Adding IP addresses for network interface Hyper-V Virtual Switch Extension Adapter
2022-05-24T19:34:09.910+1000 [DEBUG] [org.gradle.internal.remote.internal.inet.InetAddresses] Is this a loopback interface? false
2022-05-24T19:34:09.910+1000 [DEBUG] [org.gradle.internal.remote.internal.inet.InetAddresses] Adding IP addresses for network interface TAP-NordVPN Windows Adapter V9-WFP 802.3 MAC Layer LightWeight Filter-0000
2022-05-24T19:34:09.915+1000 [DEBUG] [org.gradle.internal.remote.internal.inet.InetAddresses] Is this a loopback interface? false
2022-05-24T19:34:09.915+1000 [DEBUG] [org.gradle.internal.remote.internal.inet.InetAddresses] Adding IP addresses for network interface Hyper-V Virtual Ethernet Adapter
2022-05-24T19:34:09.921+1000 [DEBUG] [org.gradle.internal.remote.internal.inet.InetAddresses] Is this a loopback interface? false
2022-05-24T19:34:09.921+1000 [DEBUG] [org.gradle.internal.remote.internal.inet.InetAddresses] Adding remote address /172.25.32.1
2022-05-24T19:34:09.921+1000 [DEBUG] [org.gradle.internal.remote.internal.inet.InetAddresses] Adding remote address /fe80:0:0:0:4c02:a0bf:1c82:9fcf%eth19
2022-05-24T19:34:09.921+1000 [DEBUG] [org.gradle.internal.remote.internal.inet.InetAddresses] Adding IP addresses for network interface Hyper-V Virtual Ethernet Adapter-WFP Native MAC Layer LightWeight Filter-0000
2022-05-24T19:34:09.926+1000 [DEBUG] [org.gradle.internal.remote.internal.inet.InetAddresses] Is this a loopback interface? false
2022-05-24T19:34:09.926+1000 [DEBUG] [org.gradle.internal.remote.internal.inet.InetAddresses] Adding IP addresses for network interface Hyper-V Virtual Ethernet Adapter-NordVPN light-weight firwall module.-0000
2022-05-24T19:34:09.932+1000 [DEBUG] [org.gradle.internal.remote.internal.inet.InetAddresses] Is this a loopback interface? false
2022-05-24T19:34:09.932+1000 [DEBUG] [org.gradle.internal.remote.internal.inet.InetAddresses] Adding IP addresses for network interface Hyper-V Virtual Ethernet Adapter-QoS Packet Scheduler-0000
2022-05-24T19:34:09.939+1000 [DEBUG] [org.gradle.internal.remote.internal.inet.InetAddresses] Is this a loopback interface? false
2022-05-24T19:34:09.939+1000 [DEBUG] [org.gradle.internal.remote.internal.inet.InetAddresses] Adding IP addresses for network interface Hyper-V Virtual Ethernet Adapter-WFP 802.3 MAC Layer LightWeight Filter-0000
2022-05-24T19:34:09.944+1000 [DEBUG] [org.gradle.internal.remote.internal.inet.InetAddresses] Is this a loopback interface? false
2022-05-24T19:34:09.944+1000 [DEBUG] [org.gradle.internal.remote.internal.inet.InetAddresses] Adding IP addresses for network interface Windscribe VPN-WFP Native MAC Layer LightWeight Filter-0000
2022-05-24T19:34:09.951+1000 [DEBUG] [org.gradle.internal.remote.internal.inet.InetAddresses] Is this a loopback interface? false
2022-05-24T19:34:09.951+1000 [DEBUG] [org.gradle.internal.remote.internal.inet.InetAddresses] Adding IP addresses for network interface Windscribe VPN-NordVPN light-weight firwall module.-0000
2022-05-24T19:34:09.956+1000 [DEBUG] [org.gradle.internal.remote.internal.inet.InetAddresses] Is this a loopback interface? false
2022-05-24T19:34:09.957+1000 [DEBUG] [org.gradle.internal.remote.internal.inet.InetAddresses] Adding IP addresses for network interface Windscribe VPN-QoS Packet Scheduler-0000
2022-05-24T19:34:09.962+1000 [DEBUG] [org.gradle.internal.remote.internal.inet.InetAddresses] Is this a loopback interface? false
2022-05-24T19:34:09.962+1000 [DEBUG] [org.gradle.internal.remote.internal.inet.InetAddresses] Adding IP addresses for network interface Windscribe VPN-WFP 802.3 MAC Layer LightWeight Filter-0000
2022-05-24T19:34:09.968+1000 [DEBUG] [org.gradle.internal.remote.internal.inet.InetAddresses] Is this a loopback interface? false
2022-05-24T19:34:09.971+1000 [DEBUG] [org.gradle.internal.remote.internal.inet.TcpIncomingConnector] Listening on [d16c10ac-f8c2-41d7-a393-ed118a193d4b port:50188, addresses:[localhost/127.0.0.1]].
2022-05-24T19:34:09.979+1000 [DEBUG] [org.gradle.launcher.daemon.server.Daemon] Daemon starting at: Tue May 24 19:34:09 AEST 2022, with address: [d16c10ac-f8c2-41d7-a393-ed118a193d4b port:50188, addresses:[localhost/127.0.0.1]]
2022-05-24T19:34:09.979+1000 [INFO] [org.gradle.launcher.daemon.server.DaemonRegistryUpdater] Advertising the daemon address to the clients: [d16c10ac-f8c2-41d7-a393-ed118a193d4b port:50188, addresses:[localhost/127.0.0.1]]
2022-05-24T19:34:09.979+1000 [DEBUG] [org.gradle.launcher.daemon.server.DaemonRegistryUpdater] Advertised daemon context: DefaultDaemonContext[uid=e5e46680-113d-4724-9606-c41408609986,javaHome=C:\Program Files\JetBrains\IntelliJ IDEA 2022.1.1\jbr,daemonRegistryDir=E:\Java\Java exercise\daemon,pid=33576,idleTimeout=10800000,priority=NORMAL,daemonOpts=-XX:MaxMetaspaceSize=256m,-XX:+HeapDumpOnOutOfMemoryError,-agentlib:jdwp=transport=dt_socket,server=n,suspend=y,address=127.0.0.1:50162,--add-opens,java.base/java.util=ALL-UNNAMED,--add-opens,java.base/java.lang=ALL-UNNAMED,--add-opens,java.base/java.lang.invoke=ALL-UNNAMED,--add-opens,java.base/java.util=ALL-UNNAMED,--add-opens,java.prefs/java.util.prefs=ALL-UNNAMED,--add-opens,java.prefs/java.util.prefs=ALL-UNNAMED,--add-opens,java.base/java.nio.charset=ALL-UNNAMED,--add-opens,java.base/java.net=ALL-UNNAMED,--add-opens,java.base/java.util.concurrent.atomic=ALL-UNNAMED,-Xms256m,-Xmx512m,-Dfile.encoding=windows-1252,-Duser.country=AU,-Duser.language=en,-Duser.variant]
2022-05-24T19:34:09.981+1000 [DEBUG] [org.gradle.launcher.daemon.registry.PersistentDaemonRegistry] Storing daemon address: [d16c10ac-f8c2-41d7-a393-ed118a193d4b port:50188, addresses:[localhost/127.0.0.1]], context: DefaultDaemonContext[uid=e5e46680-113d-4724-9606-c41408609986,javaHome=C:\Program Files\JetBrains\IntelliJ IDEA 2022.1.1\jbr,daemonRegistryDir=E:\Java\Java exercise\daemon,pid=33576,idleTimeout=10800000,priority=NORMAL,daemonOpts=-XX:MaxMetaspaceSize=256m,-XX:+HeapDumpOnOutOfMemoryError,-agentlib:jdwp=transport=dt_socket,server=n,suspend=y,address=127.0.0.1:50162,--add-opens,java.base/java.util=ALL-UNNAMED,--add-opens,java.base/java.lang=ALL-UNNAMED,--add-opens,java.base/java.lang.invoke=ALL-UNNAMED,--add-opens,java.base/java.util=ALL-UNNAMED,--add-opens,java.prefs/java.util.prefs=ALL-UNNAMED,--add-opens,java.prefs/java.util.prefs=ALL-UNNAMED,--add-opens,java.base/java.nio.charset=ALL-UNNAMED,--add-opens,java.base/java.net=ALL-UNNAMED,--add-opens,java.base/java.util.concurrent.atomic=ALL-UNNAMED,-Xms256m,-Xmx512m,-Dfile.encoding=windows-1252,-Duser.country=AU,-Duser.language=en,-Duser.variant]
2022-05-24T19:34:09.992+1000 [DEBUG] [org.gradle.cache.internal.DefaultFileLockManager] Waiting to acquire exclusive lock on daemon addresses registry.
2022-05-24T19:34:09.998+1000 [DEBUG] [org.gradle.cache.internal.DefaultFileLockManager] Lock acquired on daemon addresses registry.
2022-05-24T19:34:10.007+1000 [DEBUG] [org.gradle.cache.internal.DefaultFileLockManager] Releasing lock on daemon addresses registry.
2022-05-24T19:34:10.007+1000 [LIFECYCLE] [org.gradle.launcher.daemon.server.Daemon] Daemon server started.
2022-05-24T19:34:10.009+1000 [DEBUG] [org.gradle.launcher.daemon.bootstrap.DaemonStartupCommunication] Completed writing the daemon greeting. Closing streams...
2022-05-24T19:34:10.014+1000 [DEBUG] [org.gradle.internal.remote.internal.inet.TcpIncomingConnector] Accepted connection from /127.0.0.1:50189 to /127.0.0.1:50188.
2022-05-24T19:34:10.023+1000 [DEBUG] [org.gradle.launcher.daemon.server.Daemon] stopOnExpiration() called on daemon
2022-05-24T19:34:10.024+1000 [DEBUG] [org.gradle.launcher.daemon.server.Daemon] awaitExpiration() called on daemon
2022-05-24T19:34:10.025+1000 [DEBUG] [org.gradle.launcher.daemon.server.DaemonStateCoordinator] daemon is running. Sleeping until state changes.
2022-05-24T19:34:10.075+1000 [DEBUG] [org.gradle.launcher.daemon.server.SynchronizedDispatchConnection] thread 23: received class org.gradle.launcher.daemon.protocol.Build
2022-05-24T19:34:10.076+1000 [DEBUG] [org.gradle.launcher.daemon.server.DefaultDaemonConnection] thread 23: Received non-IO message from client: Build{id=fce886b5-64cf-41dc-86eb-66b719e81c9f, currentDir=E:\Java\Java exercise}
2022-05-24T19:34:10.076+1000 [INFO] [org.gradle.launcher.daemon.server.DefaultIncomingConnectionHandler] Received command: Build{id=fce886b5-64cf-41dc-86eb-66b719e81c9f, currentDir=E:\Java\Java exercise}.
2022-05-24T19:34:10.076+1000 [DEBUG] [org.gradle.launcher.daemon.server.DefaultIncomingConnectionHandler] Starting executing command: Build{id=fce886b5-64cf-41dc-86eb-66b719e81c9f, currentDir=E:\Java\Java exercise} with connection: socket connection from /127.0.0.1:50188 to /127.0.0.1:50189.
2022-05-24T19:34:10.081+1000 [DEBUG] [org.gradle.launcher.daemon.server.DaemonStateCoordinator] Command execution: started DaemonCommandExecution[command = Build{id=fce886b5-64cf-41dc-86eb-66b719e81c9f, currentDir=E:\Java\Java exercise}, connection = DefaultDaemonConnection: socket connection from /127.0.0.1:50188 to /127.0.0.1:50189] after 0.0 minutes of idle
2022-05-24T19:34:10.081+1000 [INFO] [org.gradle.launcher.daemon.server.DaemonRegistryUpdater] Marking the daemon as busy, address: [d16c10ac-f8c2-41d7-a393-ed118a193d4b port:50188, addresses:[localhost/127.0.0.1]]
2022-05-24T19:34:10.081+1000 [DEBUG] [org.gradle.launcher.daemon.registry.PersistentDaemonRegistry] Marking busy by address: [d16c10ac-f8c2-41d7-a393-ed118a193d4b port:50188, addresses:[localhost/127.0.0.1]]
2022-05-24T19:34:10.082+1000 [DEBUG] [org.gradle.cache.internal.DefaultFileLockManager] Waiting to acquire exclusive lock on daemon addresses registry.
2022-05-24T19:34:10.082+1000 [DEBUG] [org.gradle.cache.internal.DefaultFileLockManager] Lock acquired on daemon addresses registry.
2022-05-24T19:34:10.083+1000 [DEBUG] [org.gradle.cache.internal.DefaultFileLockManager] Releasing lock on daemon addresses registry.
2022-05-24T19:34:10.084+1000 [DEBUG] [org.gradle.launcher.daemon.server.DaemonStateCoordinator] resetting idle timer
2022-05-24T19:34:10.084+1000 [DEBUG] [org.gradle.launcher.daemon.server.DaemonStateCoordinator] daemon is running. Sleeping until state changes.
2022-05-24T19:34:10.086+1000 [INFO] [org.gradle.launcher.daemon.server.exec.StartBuildOrRespondWithBusy] Daemon is about to start building Build{id=fce886b5-64cf-41dc-86eb-66b719e81c9f, currentDir=E:\Java\Java exercise}. Dispatching build started information...
2022-05-24T19:34:10.086+1000 [DEBUG] [org.gradle.launcher.daemon.server.SynchronizedDispatchConnection] thread 25: dispatching org.gradle.launcher.daemon.protocol.BuildStarted@4880f257
2022-05-24T19:34:10.088+1000 [DEBUG] [org.gradle.launcher.daemon.server.exec.EstablishBuildEnvironment] Configuring env variables: [USERDOMAIN_ROAMINGPROFILE, PROCESSOR_LEVEL, SESSIONNAME, ALLUSERSPROFILE, PROCESSOR_ARCHITECTURE, PSModulePath, SystemDrive, USERNAME, ProgramFiles(x86), PATHEXT, DriverData, OneDriveConsumer, SW_SIM_TEMP, OMP_NUM_THREADS, ProgramData, ProgramW6432, HOMEPATH, PROCESSOR_IDENTIFIER, ProgramFiles, PUBLIC, windir, =::, ZES_ENABLE_SYSMAN, LOCALAPPDATA, ChocolateyLastPathUpdate, IntelliJ IDEA, USERDOMAIN, LOGONSERVER, OneDrive, APPDATA, ChocolateyInstall, CommonProgramFiles, Path, OS, COMPUTERNAME, SW_SIM_HYDRA, PROCESSOR_REVISION, CommonProgramW6432, ComSpec, TEMP, SystemRoot, HOMEDRIVE, USERPROFILE, TMP, CommonProgramFiles(x86), NUMBER_OF_PROCESSORS, SW_SIM_MPIT, IDEA_INITIAL_DIRECTORY]
2022-05-24T19:34:10.097+1000 [DEBUG] [org.gradle.launcher.daemon.server.exec.LogToClient] About to start relaying all logs to the client via the connection.
2022-05-24T19:34:10.097+1000 [INFO] [org.gradle.launcher.daemon.server.exec.LogToClient] The client will now receive all logging from the daemon (pid: 33576). The daemon log file: E:\Java\Java exercise\daemon\7.4\daemon-33576.out.log
2022-05-24T19:34:10.100+1000 [INFO] [org.gradle.launcher.daemon.server.exec.LogAndCheckHealth] Starting build in new daemon [memory: 512 MiB]
2022-05-24T19:34:10.110+1000 [DEBUG] [org.gradle.launcher.daemon.server.exec.ExecuteBuild] The daemon has started executing the build.
2022-05-24T19:34:10.111+1000 [DEBUG] [org.gradle.launcher.daemon.server.exec.ExecuteBuild] Executing build with daemon context: DefaultDaemonContext[uid=e5e46680-113d-4724-9606-c41408609986,javaHome=C:\Program Files\JetBrains\IntelliJ IDEA 2022.1.1\jbr,daemonRegistryDir=E:\Java\Java exercise\daemon,pid=33576,idleTimeout=10800000,priority=NORMAL,daemonOpts=-XX:MaxMetaspaceSize=256m,-XX:+HeapDumpOnOutOfMemoryError,-agentlib:jdwp=transport=dt_socket,server=n,suspend=y,address=127.0.0.1:50162,--add-opens,java.base/java.util=ALL-UNNAMED,--add-opens,java.base/java.lang=ALL-UNNAMED,--add-opens,java.base/java.lang.invoke=ALL-UNNAMED,--add-opens,java.base/java.util=ALL-UNNAMED,--add-opens,java.prefs/java.util.prefs=ALL-UNNAMED,--add-opens,java.prefs/java.util.prefs=ALL-UNNAMED,--add-opens,java.base/java.nio.charset=ALL-UNNAMED,--add-opens,java.base/java.net=ALL-UNNAMED,--add-opens,java.base/java.util.concurrent.atomic=ALL-UNNAMED,-Xms256m,-Xmx512m,-Dfile.encoding=windows-1252,-Duser.country=AU,-Duser.language=en,-Duser.variant]
May 24, 2022 7:34:19 PM io.jsondb.JsonDBTemplate <init>
INFO: Encryption is not enabled for JSON DB
May 24, 2022 7:34:19 PM org.reflections.Reflections scan
INFO: Reflections took 52 ms to scan 1 urls, producing 1 keys and 1 values 
>>> Trying to connect to database...
>>> Opened database successfully
>>> Creating new Table...
>>> Table created successfully
*********** PROGRAM START ***********
How many random people would you like to create? please enter a number between 1 to 100
Invalid, please enter number between 1 to 100
We going to create 5 of peoples
Error: [SQLITE_ERROR] SQL error or missing database (near "Hara": syntax error)

>>> We are going to save 5 person(s) to JSON file...

>>> Printing DATABASE
ID: 1 - Name: Walton Connelly - country: AUSTRIA - age: 16
ID: 2 - Name: Colby Conroy - country: USA - age: 4


Which Database Query would you like to do? 
1: Find the oldest person 
2: Group by country and return count 
3: For a given country group by age ranges 
4: Find the youngest person 
5: Start Program Again
6: exit program

FAILURE: Build failed with an exception.

* What went wrong:
Execution failed for task ':Router.main()'.
> Build cancelled while executing task ':Router.main()'

* Try:
> Run with --stacktrace option to get the stack trace.
> Run with --info or --debug option to get more log output.
> Run with --scan to get full insights.

* Get more help at https://help.gradle.org

Deprecated Gradle features were used in this build, making it incompatible with Gradle 8.0.

You can use '--warning-mode all' to show the individual deprecation warnings and determine if they come from your own scripts or plugins.

See https://docs.gradle.org/7.4/userguide/command_line_interface.html#sec:command_line_warnings

BUILD FAILED in 32s
2 actionable tasks: 2 executed
2022-05-24T19:34:39.108+1000 [DEBUG] [org.gradle.launcher.daemon.server.exec.ExecuteBuild] The daemon has finished executing the build.
2022-05-24T19:34:39.125+1000 [DEBUG] [org.gradle.launcher.daemon.server.DaemonStateCoordinator] Cancel: daemon is busy, sleeping until state changes.
2022-05-24T19:34:39.125+1000 [DEBUG] [org.gradle.launcher.daemon.server.DaemonStateCoordinator] Command execution: finished waiting for DaemonCommandExecution[command = Build{id=fce886b5-64cf-41dc-86eb-66b719e81c9f, currentDir=E:\Java\Java exercise}, connection = DefaultDaemonConnection: socket connection from /127.0.0.1:50188 to /127.0.0.1:50189]. Result org.gradle.launcher.daemon.server.DaemonStateCoordinator@57a5d36c with state Canceled
2022-05-24T19:34:39.125+1000 [DEBUG] [org.gradle.launcher.daemon.server.DaemonStateCoordinator] Command execution: completed DaemonCommandExecution[command = Build{id=fce886b5-64cf-41dc-86eb-66b719e81c9f, currentDir=E:\Java\Java exercise}, connection = DefaultDaemonConnection: socket connection from /127.0.0.1:50188 to /127.0.0.1:50189]
2022-05-24T19:34:39.125+1000 [DEBUG] [org.gradle.launcher.daemon.server.DaemonStateCoordinator] resetting idle timer
2022-05-24T19:34:39.126+1000 [INFO] [org.gradle.launcher.daemon.server.DaemonRegistryUpdater] Marking the daemon as idle, address: [d16c10ac-f8c2-41d7-a393-ed118a193d4b port:50188, addresses:[localhost/127.0.0.1]]
2022-05-24T19:34:39.126+1000 [DEBUG] [org.gradle.launcher.daemon.registry.PersistentDaemonRegistry] Marking busy by address: [d16c10ac-f8c2-41d7-a393-ed118a193d4b port:50188, addresses:[localhost/127.0.0.1]]
2022-05-24T19:34:39.126+1000 [DEBUG] [org.gradle.cache.internal.DefaultFileLockManager] Waiting to acquire exclusive lock on daemon addresses registry.
2022-05-24T19:34:39.127+1000 [DEBUG] [org.gradle.cache.internal.DefaultFileLockManager] Lock acquired on daemon addresses registry.
2022-05-24T19:34:39.128+1000 [DEBUG] [org.gradle.cache.internal.DefaultFileLockManager] Releasing lock on daemon addresses registry.
2022-05-24T19:34:39.129+1000 [DEBUG] [org.gradle.launcher.daemon.server.DaemonStateCoordinator] Cancel: daemon is idle now.
2022-05-24T19:34:39.129+1000 [DEBUG] [org.gradle.launcher.daemon.server.DaemonStateCoordinator] daemon is running. Sleeping until state changes.
2022-05-24T19:34:39.129+1000 [DEBUG] [org.gradle.launcher.daemon.server.exec.ReturnResult] Daemon is dispatching the build result: Success[value=org.gradle.launcher.exec.BuildActionResult@52cc2e40]
2022-05-24T19:34:39.129+1000 [DEBUG] [org.gradle.launcher.daemon.server.SynchronizedDispatchConnection] thread 22: dispatching Success[value=org.gradle.launcher.exec.BuildActionResult@52cc2e40]
2022-05-24T19:34:39.142+1000 [DEBUG] [org.gradle.launcher.daemon.server.DefaultIncomingConnectionHandler] Finishing executing command: Build{id=fce886b5-64cf-41dc-86eb-66b719e81c9f, currentDir=E:\Java\Java exercise}
2022-05-24T19:34:39.151+1000 [DEBUG] [org.gradle.launcher.daemon.server.SynchronizedDispatchConnection] thread 23: received class org.gradle.launcher.daemon.protocol.Finished
2022-05-24T19:34:39.152+1000 [DEBUG] [org.gradle.launcher.daemon.server.DefaultDaemonConnection] thread 23: Received non-IO message from client: org.gradle.launcher.daemon.protocol.Finished@5c1ed7b4
2022-05-24T19:34:39.152+1000 [DEBUG] [org.gradle.launcher.daemon.server.DefaultIncomingConnectionHandler] Received finished message: org.gradle.launcher.daemon.protocol.Finished@5c1ed7b4
2022-05-24T19:34:39.152+1000 [DEBUG] [org.gradle.launcher.daemon.server.SynchronizedDispatchConnection] thread 22: stopping connection
2022-05-24T19:34:39.152+1000 [DEBUG] [org.gradle.internal.remote.internal.inet.SocketConnection] Discarding EOFException: java.io.EOFException
2022-05-24T19:34:39.153+1000 [DEBUG] [org.gradle.launcher.daemon.server.SynchronizedDispatchConnection] thread 23: received null
2022-05-24T19:34:39.153+1000 [DEBUG] [org.gradle.launcher.daemon.server.DefaultDaemonConnection] thread 23: Received end-of-input from client.
2022-05-24T19:34:39.154+1000 [DEBUG] [org.gradle.launcher.daemon.server.SynchronizedDispatchConnection] thread 22: stopping connection
2022-05-24T19:34:40.037+1000 [DEBUG] [org.gradle.cache.internal.DefaultFileLockManager] Waiting to acquire shared lock on daemon addresses registry.
2022-05-24T19:34:40.038+1000 [DEBUG] [org.gradle.cache.internal.DefaultFileLockManager] Lock acquired on daemon addresses registry.
2022-05-24T19:34:40.038+1000 [DEBUG] [org.gradle.cache.internal.DefaultFileLockManager] Releasing lock on daemon addresses registry.
2022-05-24T19:34:40.040+1000 [DEBUG] [org.gradle.cache.internal.DefaultFileLockManager] Waiting to acquire shared lock on daemon addresses registry.
2022-05-24T19:34:40.041+1000 [DEBUG] [org.gradle.cache.internal.DefaultFileLockManager] Lock acquired on daemon addresses registry.
2022-05-24T19:34:40.041+1000 [DEBUG] [org.gradle.cache.internal.DefaultFileLockManager] Releasing lock on daemon addresses registry.
2022-05-24T19:34:40.275+1000 [DEBUG] [org.gradle.cache.internal.LockOnDemandCrossProcessCacheAccess] Lock on jars (E:\Java\Java exercise\caches\jars-9) requested by another process - releasing lock.
2022-05-24T19:34:40.275+1000 [DEBUG] [org.gradle.cache.internal.LockOnDemandCrossProcessCacheAccess] Releasing file lock for jars (E:\Java\Java exercise\caches\jars-9)
2022-05-24T19:34:40.276+1000 [DEBUG] [org.gradle.cache.internal.DefaultFileLockManager] Releasing lock on jars (E:\Java\Java exercise\caches\jars-9).
2022-05-24T19:34:40.279+1000 [DEBUG] [org.gradle.cache.internal.locklistener.FileLockCommunicator] Confirming lock release to Gradle process at port 62225 for lock with id 2109428754648161736.
2022-05-24T19:34:40.279+1000 [DEBUG] [org.gradle.cache.internal.locklistener.FileLockCommunicator] Confirming lock release to Gradle process at port 62225 for lock with id 2109428754648161736.
2022-05-24T19:34:40.290+1000 [DEBUG] [org.gradle.cache.internal.LockOnDemandCrossProcessCacheAccess] Lock on journal cache (E:\Java\Java exercise\caches\journal-1) requested by another process - releasing lock.
2022-05-24T19:34:40.290+1000 [DEBUG] [org.gradle.cache.internal.LockOnDemandCrossProcessCacheAccess] Releasing file lock for journal cache (E:\Java\Java exercise\caches\journal-1)
2022-05-24T19:34:40.291+1000 [DEBUG] [org.gradle.cache.internal.btree.BTreePersistentIndexedCache] Closing cache file-access.bin (E:\Java\Java exercise\caches\journal-1\file-access.bin)
2022-05-24T19:34:40.291+1000 [DEBUG] [org.gradle.cache.internal.DefaultFileLockManager] Releasing lock on journal cache (E:\Java\Java exercise\caches\journal-1).
2022-05-24T19:34:40.292+1000 [DEBUG] [org.gradle.cache.internal.locklistener.FileLockCommunicator] Confirming lock release to Gradle process at port 62225 for lock with id 4151032339294593878.
2022-05-24T19:34:40.293+1000 [DEBUG] [org.gradle.cache.internal.locklistener.FileLockCommunicator] Confirming lock release to Gradle process at port 62225 for lock with id 4151032339294593878.
2022-05-24T19:34:40.333+1000 [DEBUG] [org.gradle.cache.internal.LockOnDemandCrossProcessCacheAccess] Lock on file hash cache (E:\Java\Java exercise\caches\7.4\fileHashes) requested by another process - releasing lock.
2022-05-24T19:34:40.333+1000 [DEBUG] [org.gradle.cache.internal.LockOnDemandCrossProcessCacheAccess] Releasing file lock for file hash cache (E:\Java\Java exercise\caches\7.4\fileHashes)
2022-05-24T19:34:40.334+1000 [DEBUG] [org.gradle.cache.internal.btree.BTreePersistentIndexedCache] Closing cache fileHashes.bin (E:\Java\Java exercise\caches\7.4\fileHashes\fileHashes.bin)
2022-05-24T19:34:40.334+1000 [DEBUG] [org.gradle.cache.internal.btree.BTreePersistentIndexedCache] Closing cache resourceHashesCache.bin (E:\Java\Java exercise\caches\7.4\fileHashes\resourceHashesCache.bin)
2022-05-24T19:34:40.334+1000 [DEBUG] [org.gradle.cache.internal.DefaultFileLockManager] Releasing lock on file hash cache (E:\Java\Java exercise\caches\7.4\fileHashes).
2022-05-24T19:34:40.335+1000 [DEBUG] [org.gradle.cache.internal.locklistener.FileLockCommunicator] Confirming lock release to Gradle process at port 62225 for lock with id -7742268298456021637.
2022-05-24T19:34:40.336+1000 [DEBUG] [org.gradle.cache.internal.locklistener.FileLockCommunicator] Confirming lock release to Gradle process at port 62225 for lock with id -7742268298456021637.
2022-05-24T19:34:40.973+1000 [DEBUG] [org.gradle.cache.internal.LockOnDemandCrossProcessCacheAccess] Lock on artifact cache (E:\Java\Java exercise\caches\modules-2) requested by another process - releasing lock.
2022-05-24T19:34:40.974+1000 [DEBUG] [org.gradle.cache.internal.LockOnDemandCrossProcessCacheAccess] Releasing file lock for artifact cache (E:\Java\Java exercise\caches\modules-2)
2022-05-24T19:34:40.974+1000 [DEBUG] [org.gradle.cache.internal.btree.BTreePersistentIndexedCache] Closing cache module-metadata.bin (E:\Java\Java exercise\caches\modules-2\metadata-2.97\module-metadata.bin)
2022-05-24T19:34:40.974+1000 [DEBUG] [org.gradle.cache.internal.btree.BTreePersistentIndexedCache] Closing cache module-artifact.bin (E:\Java\Java exercise\caches\modules-2\metadata-2.97\module-artifact.bin)
2022-05-24T19:34:40.975+1000 [DEBUG] [org.gradle.cache.internal.DefaultFileLockManager] Releasing lock on artifact cache (E:\Java\Java exercise\caches\modules-2).
2022-05-24T19:34:40.977+1000 [DEBUG] [org.gradle.cache.internal.locklistener.FileLockCommunicator] Confirming lock release to Gradle process at port 62225 for lock with id 5035885517695770424.
2022-05-24T19:34:40.977+1000 [DEBUG] [org.gradle.cache.internal.locklistener.FileLockCommunicator] Confirming lock release to Gradle process at port 62225 for lock with id 5035885517695770424.
2022-05-24T19:34:50.030+1000 [DEBUG] [org.gradle.cache.internal.DefaultFileLockManager] Waiting to acquire shared lock on daemon addresses registry.
2022-05-24T19:34:50.030+1000 [DEBUG] [org.gradle.cache.internal.DefaultFileLockManager] Lock acquired on daemon addresses registry.
2022-05-24T19:34:50.031+1000 [DEBUG] [org.gradle.cache.internal.DefaultFileLockManager] Releasing lock on daemon addresses registry.
2022-05-24T19:34:50.032+1000 [DEBUG] [org.gradle.cache.internal.DefaultFileLockManager] Waiting to acquire shared lock on daemon addresses registry.
2022-05-24T19:34:50.032+1000 [DEBUG] [org.gradle.cache.internal.DefaultFileLockManager] Lock acquired on daemon addresses registry.
2022-05-24T19:34:50.032+1000 [DEBUG] [org.gradle.cache.internal.DefaultFileLockManager] Releasing lock on daemon addresses registry.
2022-05-24T19:34:50.033+1000 [DEBUG] [org.gradle.cache.internal.DefaultFileLockManager] Waiting to acquire shared lock on daemon addresses registry.
2022-05-24T19:34:50.033+1000 [DEBUG] [org.gradle.cache.internal.DefaultFileLockManager] Lock acquired on daemon addresses registry.
2022-05-24T19:34:50.033+1000 [DEBUG] [org.gradle.cache.internal.DefaultFileLockManager] Releasing lock on daemon addresses registry.
2022-05-24T19:35:00.040+1000 [DEBUG] [org.gradle.cache.internal.DefaultFileLockManager] Waiting to acquire shared lock on daemon addresses registry.
2022-05-24T19:35:00.040+1000 [DEBUG] [org.gradle.cache.internal.DefaultFileLockManager] Lock acquired on daemon addresses registry.
2022-05-24T19:35:00.041+1000 [DEBUG] [org.gradle.cache.internal.DefaultFileLockManager] Releasing lock on daemon addresses registry.
2022-05-24T19:35:00.042+1000 [DEBUG] [org.gradle.cache.internal.DefaultFileLockManager] Waiting to acquire shared lock on daemon addresses registry.
2022-05-24T19:35:00.042+1000 [DEBUG] [org.gradle.cache.internal.DefaultFileLockManager] Lock acquired on daemon addresses registry.
2022-05-24T19:35:00.043+1000 [DEBUG] [org.gradle.cache.internal.DefaultFileLockManager] Releasing lock on daemon addresses registry.
2022-05-24T19:35:00.043+1000 [DEBUG] [org.gradle.cache.internal.DefaultFileLockManager] Waiting to acquire shared lock on daemon addresses registry.
2022-05-24T19:35:00.043+1000 [DEBUG] [org.gradle.cache.internal.DefaultFileLockManager] Lock acquired on daemon addresses registry.
2022-05-24T19:35:00.044+1000 [DEBUG] [org.gradle.cache.internal.DefaultFileLockManager] Releasing lock on daemon addresses registry.
2022-05-24T19:35:10.034+1000 [DEBUG] [org.gradle.cache.internal.DefaultFileLockManager] Waiting to acquire shared lock on daemon addresses registry.
2022-05-24T19:35:10.034+1000 [DEBUG] [org.gradle.cache.internal.DefaultFileLockManager] Lock acquired on daemon addresses registry.
2022-05-24T19:35:10.035+1000 [DEBUG] [org.gradle.cache.internal.DefaultFileLockManager] Releasing lock on daemon addresses registry.
2022-05-24T19:35:10.036+1000 [DEBUG] [org.gradle.cache.internal.DefaultFileLockManager] Waiting to acquire shared lock on daemon addresses registry.
2022-05-24T19:35:10.036+1000 [DEBUG] [org.gradle.cache.internal.DefaultFileLockManager] Lock acquired on daemon addresses registry.
2022-05-24T19:35:10.037+1000 [DEBUG] [org.gradle.cache.internal.DefaultFileLockManager] Releasing lock on daemon addresses registry.
2022-05-24T19:35:10.038+1000 [DEBUG] [org.gradle.cache.internal.DefaultFileLockManager] Waiting to acquire shared lock on daemon addresses registry.
2022-05-24T19:35:10.038+1000 [DEBUG] [org.gradle.cache.internal.DefaultFileLockManager] Lock acquired on daemon addresses registry.
2022-05-24T19:35:10.039+1000 [DEBUG] [org.gradle.cache.internal.DefaultFileLockManager] Releasing lock on daemon addresses registry.
2022-05-24T19:35:20.033+1000 [DEBUG] [org.gradle.cache.internal.DefaultFileLockManager] Waiting to acquire shared lock on daemon addresses registry.
2022-05-24T19:35:20.034+1000 [DEBUG] [org.gradle.cache.internal.DefaultFileLockManager] Lock acquired on daemon addresses registry.
2022-05-24T19:35:20.034+1000 [DEBUG] [org.gradle.cache.internal.DefaultFileLockManager] Releasing lock on daemon addresses registry.
2022-05-24T19:35:20.035+1000 [DEBUG] [org.gradle.cache.internal.DefaultFileLockManager] Waiting to acquire shared lock on daemon addresses registry.
2022-05-24T19:35:20.035+1000 [DEBUG] [org.gradle.cache.internal.DefaultFileLockManager] Lock acquired on daemon addresses registry.
2022-05-24T19:35:20.036+1000 [DEBUG] [org.gradle.cache.internal.DefaultFileLockManager] Releasing lock on daemon addresses registry.
2022-05-24T19:35:20.036+1000 [DEBUG] [org.gradle.cache.internal.DefaultFileLockManager] Waiting to acquire shared lock on daemon addresses registry.
2022-05-24T19:35:20.037+1000 [DEBUG] [org.gradle.cache.internal.DefaultFileLockManager] Lock acquired on daemon addresses registry.
2022-05-24T19:35:20.037+1000 [DEBUG] [org.gradle.cache.internal.DefaultFileLockManager] Releasing lock on daemon addresses registry.
2022-05-24T19:35:30.037+1000 [DEBUG] [org.gradle.cache.internal.DefaultFileLockManager] Waiting to acquire shared lock on daemon addresses registry.
2022-05-24T19:35:30.038+1000 [DEBUG] [org.gradle.cache.internal.DefaultFileLockManager] Lock acquired on daemon addresses registry.
2022-05-24T19:35:30.039+1000 [DEBUG] [org.gradle.cache.internal.DefaultFileLockManager] Releasing lock on daemon addresses registry.
2022-05-24T19:35:30.046+1000 [DEBUG] [org.gradle.cache.internal.DefaultFileLockManager] Waiting to acquire shared lock on daemon addresses registry.
2022-05-24T19:35:30.047+1000 [DEBUG] [org.gradle.cache.internal.DefaultFileLockManager] Lock acquired on daemon addresses registry.
2022-05-24T19:35:30.047+1000 [DEBUG] [org.gradle.cache.internal.DefaultFileLockManager] Releasing lock on daemon addresses registry.
2022-05-24T19:35:30.048+1000 [DEBUG] [org.gradle.cache.internal.DefaultFileLockManager] Waiting to acquire shared lock on daemon addresses registry.
2022-05-24T19:35:30.049+1000 [DEBUG] [org.gradle.cache.internal.DefaultFileLockManager] Lock acquired on daemon addresses registry.
2022-05-24T19:35:30.049+1000 [DEBUG] [org.gradle.cache.internal.DefaultFileLockManager] Releasing lock on daemon addresses registry.
2022-05-24T19:35:40.037+1000 [DEBUG] [org.gradle.cache.internal.DefaultFileLockManager] Waiting to acquire shared lock on daemon addresses registry.
2022-05-24T19:35:40.039+1000 [DEBUG] [org.gradle.cache.internal.DefaultFileLockManager] Lock acquired on daemon addresses registry.
2022-05-24T19:35:40.040+1000 [DEBUG] [org.gradle.cache.internal.DefaultFileLockManager] Releasing lock on daemon addresses registry.
2022-05-24T19:35:40.041+1000 [DEBUG] [org.gradle.cache.internal.DefaultFileLockManager] Waiting to acquire shared lock on daemon addresses registry.
2022-05-24T19:35:40.042+1000 [DEBUG] [org.gradle.cache.internal.DefaultFileLockManager] Lock acquired on daemon addresses registry.
2022-05-24T19:35:40.042+1000 [DEBUG] [org.gradle.cache.internal.DefaultFileLockManager] Releasing lock on daemon addresses registry.
2022-05-24T19:35:40.043+1000 [DEBUG] [org.gradle.cache.internal.DefaultFileLockManager] Waiting to acquire shared lock on daemon addresses registry.
2022-05-24T19:35:40.045+1000 [DEBUG] [org.gradle.cache.internal.DefaultFileLockManager] Lock acquired on daemon addresses registry.
2022-05-24T19:35:40.046+1000 [DEBUG] [org.gradle.cache.internal.DefaultFileLockManager] Releasing lock on daemon addresses registry.
2022-05-24T19:35:44.620+1000 [DEBUG] [org.gradle.process.internal.health.memory.DefaultMemoryManager] 1704739225 memory requested, 1699074048 free
2022-05-24T19:35:44.620+1000 [DEBUG] [org.gradle.workers.internal.WorkerDaemonExpiration] Will attempt to release 1625 of memory
2022-05-24T19:35:44.621+1000 [DEBUG] [org.gradle.process.internal.health.memory.DefaultMemoryManager] 1704739225 memory requested, 0 released, 1699074048 free
2022-05-24T19:35:50.034+1000 [DEBUG] [org.gradle.cache.internal.DefaultFileLockManager] Waiting to acquire shared lock on daemon addresses registry.
2022-05-24T19:35:50.035+1000 [DEBUG] [org.gradle.cache.internal.DefaultFileLockManager] Lock acquired on daemon addresses registry.
2022-05-24T19:35:50.035+1000 [DEBUG] [org.gradle.cache.internal.DefaultFileLockManager] Releasing lock on daemon addresses registry.
2022-05-24T19:35:50.036+1000 [DEBUG] [org.gradle.cache.internal.DefaultFileLockManager] Waiting to acquire shared lock on daemon addresses registry.
2022-05-24T19:35:50.036+1000 [DEBUG] [org.gradle.cache.internal.DefaultFileLockManager] Lock acquired on daemon addresses registry.
2022-05-24T19:35:50.037+1000 [DEBUG] [org.gradle.cache.internal.DefaultFileLockManager] Releasing lock on daemon addresses registry.
2022-05-24T19:35:50.037+1000 [DEBUG] [org.gradle.cache.internal.DefaultFileLockManager] Waiting to acquire shared lock on daemon addresses registry.
2022-05-24T19:35:50.038+1000 [DEBUG] [org.gradle.cache.internal.DefaultFileLockManager] Lock acquired on daemon addresses registry.
2022-05-24T19:35:50.038+1000 [DEBUG] [org.gradle.cache.internal.DefaultFileLockManager] Releasing lock on daemon addresses registry.
2022-05-24T19:36:00.036+1000 [DEBUG] [org.gradle.cache.internal.DefaultFileLockManager] Waiting to acquire shared lock on daemon addresses registry.
2022-05-24T19:36:00.037+1000 [DEBUG] [org.gradle.cache.internal.DefaultFileLockManager] Lock acquired on daemon addresses registry.
2022-05-24T19:36:00.037+1000 [DEBUG] [org.gradle.cache.internal.DefaultFileLockManager] Releasing lock on daemon addresses registry.
2022-05-24T19:36:00.038+1000 [DEBUG] [org.gradle.cache.internal.DefaultFileLockManager] Waiting to acquire shared lock on daemon addresses registry.
2022-05-24T19:36:00.038+1000 [DEBUG] [org.gradle.cache.internal.DefaultFileLockManager] Lock acquired on daemon addresses registry.
2022-05-24T19:36:00.039+1000 [DEBUG] [org.gradle.cache.internal.DefaultFileLockManager] Releasing lock on daemon addresses registry.
2022-05-24T19:36:00.039+1000 [DEBUG] [org.gradle.cache.internal.DefaultFileLockManager] Waiting to acquire shared lock on daemon addresses registry.
2022-05-24T19:36:00.039+1000 [DEBUG] [org.gradle.cache.internal.DefaultFileLockManager] Lock acquired on daemon addresses registry.
2022-05-24T19:36:00.040+1000 [DEBUG] [org.gradle.cache.internal.DefaultFileLockManager] Releasing lock on daemon addresses registry.
2022-05-24T19:36:10.038+1000 [DEBUG] [org.gradle.cache.internal.DefaultFileLockManager] Waiting to acquire shared lock on daemon addresses registry.
2022-05-24T19:36:10.038+1000 [DEBUG] [org.gradle.cache.internal.DefaultFileLockManager] Lock acquired on daemon addresses registry.
2022-05-24T19:36:10.039+1000 [DEBUG] [org.gradle.cache.internal.DefaultFileLockManager] Releasing lock on daemon addresses registry.
2022-05-24T19:36:10.041+1000 [DEBUG] [org.gradle.cache.internal.DefaultFileLockManager] Waiting to acquire shared lock on daemon addresses registry.
2022-05-24T19:36:10.042+1000 [DEBUG] [org.gradle.cache.internal.DefaultFileLockManager] Lock acquired on daemon addresses registry.
2022-05-24T19:36:10.043+1000 [DEBUG] [org.gradle.cache.internal.DefaultFileLockManager] Releasing lock on daemon addresses registry.
2022-05-24T19:36:10.044+1000 [DEBUG] [org.gradle.cache.internal.DefaultFileLockManager] Waiting to acquire shared lock on daemon addresses registry.
2022-05-24T19:36:10.044+1000 [DEBUG] [org.gradle.cache.internal.DefaultFileLockManager] Lock acquired on daemon addresses registry.
2022-05-24T19:36:10.045+1000 [DEBUG] [org.gradle.cache.internal.DefaultFileLockManager] Releasing lock on daemon addresses registry.
2022-05-24T19:36:19.610+1000 [DEBUG] [org.gradle.process.internal.health.memory.DefaultMemoryManager] 1704739225 memory requested, 1696538624 free
2022-05-24T19:36:19.610+1000 [DEBUG] [org.gradle.workers.internal.WorkerDaemonExpiration] Will attempt to release 1625 of memory
2022-05-24T19:36:19.610+1000 [DEBUG] [org.gradle.process.internal.health.memory.DefaultMemoryManager] 1704739225 memory requested, 0 released, 1696538624 free
2022-05-24T19:36:20.031+1000 [DEBUG] [org.gradle.cache.internal.DefaultFileLockManager] Waiting to acquire shared lock on daemon addresses registry.
2022-05-24T19:36:20.031+1000 [DEBUG] [org.gradle.cache.internal.DefaultFileLockManager] Lock acquired on daemon addresses registry.
2022-05-24T19:36:20.032+1000 [DEBUG] [org.gradle.cache.internal.DefaultFileLockManager] Releasing lock on daemon addresses registry.
2022-05-24T19:36:20.034+1000 [DEBUG] [org.gradle.cache.internal.DefaultFileLockManager] Waiting to acquire shared lock on daemon addresses registry.
2022-05-24T19:36:20.034+1000 [DEBUG] [org.gradle.cache.internal.DefaultFileLockManager] Lock acquired on daemon addresses registry.
2022-05-24T19:36:20.035+1000 [DEBUG] [org.gradle.cache.internal.DefaultFileLockManager] Releasing lock on daemon addresses registry.
2022-05-24T19:36:20.035+1000 [DEBUG] [org.gradle.launcher.daemon.server.health.LowMemoryDaemonExpirationStrategy] Nearing low memory threshold - OS memory {Total: 17047392256, Free: 1696538624}
2022-05-24T19:36:20.036+1000 [DEBUG] [org.gradle.cache.internal.DefaultFileLockManager] Waiting to acquire shared lock on daemon addresses registry.
2022-05-24T19:36:20.036+1000 [DEBUG] [org.gradle.cache.internal.DefaultFileLockManager] Lock acquired on daemon addresses registry.
2022-05-24T19:36:20.036+1000 [DEBUG] [org.gradle.cache.internal.DefaultFileLockManager] Releasing lock on daemon addresses registry.
2022-05-24T19:36:24.619+1000 [DEBUG] [org.gradle.process.internal.health.memory.DefaultMemoryManager] 1704739225 memory requested, 1315278848 free
2022-05-24T19:36:24.619+1000 [DEBUG] [org.gradle.workers.internal.WorkerDaemonExpiration] Will attempt to release 1625 of memory
2022-05-24T19:36:24.619+1000 [DEBUG] [org.gradle.process.internal.health.memory.DefaultMemoryManager] 1704739225 memory requested, 0 released, 1315278848 free
2022-05-24T19:36:29.610+1000 [DEBUG] [org.gradle.process.internal.health.memory.DefaultMemoryManager] 1704739225 memory requested, 1170460672 free
2022-05-24T19:36:29.611+1000 [DEBUG] [org.gradle.workers.internal.WorkerDaemonExpiration] Will attempt to release 1625 of memory
2022-05-24T19:36:29.612+1000 [DEBUG] [org.gradle.process.internal.health.memory.DefaultMemoryManager] 1704739225 memory requested, 0 released, 1170460672 free
2022-05-24T19:36:30.033+1000 [DEBUG] [org.gradle.cache.internal.DefaultFileLockManager] Waiting to acquire shared lock on daemon addresses registry.
2022-05-24T19:36:30.034+1000 [DEBUG] [org.gradle.cache.internal.DefaultFileLockManager] Lock acquired on daemon addresses registry.
2022-05-24T19:36:30.034+1000 [DEBUG] [org.gradle.cache.internal.DefaultFileLockManager] Releasing lock on daemon addresses registry.
2022-05-24T19:36:30.036+1000 [DEBUG] [org.gradle.cache.internal.DefaultFileLockManager] Waiting to acquire shared lock on daemon addresses registry.
2022-05-24T19:36:30.036+1000 [DEBUG] [org.gradle.cache.internal.DefaultFileLockManager] Lock acquired on daemon addresses registry.
2022-05-24T19:36:30.036+1000 [DEBUG] [org.gradle.cache.internal.DefaultFileLockManager] Releasing lock on daemon addresses registry.
2022-05-24T19:36:30.037+1000 [DEBUG] [org.gradle.launcher.daemon.server.health.LowMemoryDaemonExpirationStrategy] Nearing low memory threshold - OS memory {Total: 17047392256, Free: 1170460672}
2022-05-24T19:36:30.037+1000 [DEBUG] [org.gradle.cache.internal.DefaultFileLockManager] Waiting to acquire shared lock on daemon addresses registry.
2022-05-24T19:36:30.038+1000 [DEBUG] [org.gradle.cache.internal.DefaultFileLockManager] Lock acquired on daemon addresses registry.
2022-05-24T19:36:30.038+1000 [DEBUG] [org.gradle.cache.internal.DefaultFileLockManager] Releasing lock on daemon addresses registry.
2022-05-24T19:36:34.618+1000 [DEBUG] [org.gradle.process.internal.health.memory.DefaultMemoryManager] 1704739225 memory requested, 1144483840 free
2022-05-24T19:36:34.618+1000 [DEBUG] [org.gradle.workers.internal.WorkerDaemonExpiration] Will attempt to release 1625 of memory
2022-05-24T19:36:34.618+1000 [DEBUG] [org.gradle.process.internal.health.memory.DefaultMemoryManager] 1704739225 memory requested, 0 released, 1144483840 free
2022-05-24T19:36:39.607+1000 [DEBUG] [org.gradle.process.internal.health.memory.DefaultMemoryManager] 1704739225 memory requested, 1219063808 free
2022-05-24T19:36:39.607+1000 [DEBUG] [org.gradle.workers.internal.WorkerDaemonExpiration] Will attempt to release 1625 of memory
2022-05-24T19:36:39.607+1000 [DEBUG] [org.gradle.process.internal.health.memory.DefaultMemoryManager] 1704739225 memory requested, 0 released, 1219063808 free
2022-05-24T19:36:40.028+1000 [DEBUG] [org.gradle.cache.internal.DefaultFileLockManager] Waiting to acquire shared lock on daemon addresses registry.
2022-05-24T19:36:40.029+1000 [DEBUG] [org.gradle.cache.internal.DefaultFileLockManager] Lock acquired on daemon addresses registry.
2022-05-24T19:36:40.030+1000 [DEBUG] [org.gradle.cache.internal.DefaultFileLockManager] Releasing lock on daemon addresses registry.
2022-05-24T19:36:40.032+1000 [DEBUG] [org.gradle.cache.internal.DefaultFileLockManager] Waiting to acquire shared lock on daemon addresses registry.
2022-05-24T19:36:40.033+1000 [DEBUG] [org.gradle.cache.internal.DefaultFileLockManager] Lock acquired on daemon addresses registry.
2022-05-24T19:36:40.033+1000 [DEBUG] [org.gradle.cache.internal.DefaultFileLockManager] Releasing lock on daemon addresses registry.
2022-05-24T19:36:40.034+1000 [DEBUG] [org.gradle.launcher.daemon.server.health.LowMemoryDaemonExpirationStrategy] Nearing low memory threshold - OS memory {Total: 17047392256, Free: 1219063808}
2022-05-24T19:36:40.035+1000 [DEBUG] [org.gradle.cache.internal.DefaultFileLockManager] Waiting to acquire shared lock on daemon addresses registry.
2022-05-24T19:36:40.035+1000 [DEBUG] [org.gradle.cache.internal.DefaultFileLockManager] Lock acquired on daemon addresses registry.
2022-05-24T19:36:40.036+1000 [DEBUG] [org.gradle.cache.internal.DefaultFileLockManager] Releasing lock on daemon addresses registry.
2022-05-24T19:36:44.610+1000 [DEBUG] [org.gradle.process.internal.health.memory.DefaultMemoryManager] 1704739225 memory requested, 1210777600 free
2022-05-24T19:36:44.611+1000 [DEBUG] [org.gradle.workers.internal.WorkerDaemonExpiration] Will attempt to release 1625 of memory
2022-05-24T19:36:44.611+1000 [DEBUG] [org.gradle.process.internal.health.memory.DefaultMemoryManager] 1704739225 memory requested, 0 released, 1210777600 free
2022-05-24T19:36:49.607+1000 [DEBUG] [org.gradle.process.internal.health.memory.DefaultMemoryManager] 1704739225 memory requested, 1003098112 free
2022-05-24T19:36:49.607+1000 [DEBUG] [org.gradle.workers.internal.WorkerDaemonExpiration] Will attempt to release 1625 of memory
2022-05-24T19:36:49.607+1000 [DEBUG] [org.gradle.process.internal.health.memory.DefaultMemoryManager] 1704739225 memory requested, 0 released, 1003098112 free
2022-05-24T19:36:50.026+1000 [DEBUG] [org.gradle.cache.internal.DefaultFileLockManager] Waiting to acquire shared lock on daemon addresses registry.
2022-05-24T19:36:50.026+1000 [DEBUG] [org.gradle.cache.internal.DefaultFileLockManager] Lock acquired on daemon addresses registry.
2022-05-24T19:36:50.027+1000 [DEBUG] [org.gradle.cache.internal.DefaultFileLockManager] Releasing lock on daemon addresses registry.
2022-05-24T19:36:50.028+1000 [DEBUG] [org.gradle.cache.internal.DefaultFileLockManager] Waiting to acquire shared lock on daemon addresses registry.
2022-05-24T19:36:50.028+1000 [DEBUG] [org.gradle.cache.internal.DefaultFileLockManager] Lock acquired on daemon addresses registry.
2022-05-24T19:36:50.028+1000 [DEBUG] [org.gradle.cache.internal.DefaultFileLockManager] Releasing lock on daemon addresses registry.
2022-05-24T19:36:50.028+1000 [DEBUG] [org.gradle.launcher.daemon.server.health.LowMemoryDaemonExpirationStrategy] Nearing low memory threshold - OS memory {Total: 17047392256, Free: 1003098112}
2022-05-24T19:36:50.029+1000 [DEBUG] [org.gradle.cache.internal.DefaultFileLockManager] Waiting to acquire shared lock on daemon addresses registry.
2022-05-24T19:36:50.029+1000 [DEBUG] [org.gradle.cache.internal.DefaultFileLockManager] Lock acquired on daemon addresses registry.
2022-05-24T19:36:50.029+1000 [DEBUG] [org.gradle.cache.internal.DefaultFileLockManager] Releasing lock on daemon addresses registry.
2022-05-24T19:36:54.617+1000 [DEBUG] [org.gradle.process.internal.health.memory.DefaultMemoryManager] 1704739225 memory requested, 963887104 free
2022-05-24T19:36:54.617+1000 [DEBUG] [org.gradle.workers.internal.WorkerDaemonExpiration] Will attempt to release 1625 of memory
2022-05-24T19:36:54.618+1000 [DEBUG] [org.gradle.process.internal.health.memory.DefaultMemoryManager] 1704739225 memory requested, 0 released, 963887104 free
2022-05-24T19:36:59.617+1000 [DEBUG] [org.gradle.process.internal.health.memory.DefaultMemoryManager] 1704739225 memory requested, 1096568832 free
2022-05-24T19:36:59.617+1000 [DEBUG] [org.gradle.workers.internal.WorkerDaemonExpiration] Will attempt to release 1625 of memory
2022-05-24T19:36:59.617+1000 [DEBUG] [org.gradle.process.internal.health.memory.DefaultMemoryManager] 1704739225 memory requested, 0 released, 1096568832 free
2022-05-24T19:37:00.036+1000 [DEBUG] [org.gradle.cache.internal.DefaultFileLockManager] Waiting to acquire shared lock on daemon addresses registry.
2022-05-24T19:37:00.036+1000 [DEBUG] [org.gradle.cache.internal.DefaultFileLockManager] Lock acquired on daemon addresses registry.
2022-05-24T19:37:00.037+1000 [DEBUG] [org.gradle.cache.internal.DefaultFileLockManager] Releasing lock on daemon addresses registry.
2022-05-24T19:37:00.040+1000 [DEBUG] [org.gradle.cache.internal.DefaultFileLockManager] Waiting to acquire shared lock on daemon addresses registry.
2022-05-24T19:37:00.040+1000 [DEBUG] [org.gradle.cache.internal.DefaultFileLockManager] Lock acquired on daemon addresses registry.
2022-05-24T19:37:00.041+1000 [DEBUG] [org.gradle.cache.internal.DefaultFileLockManager] Releasing lock on daemon addresses registry.
2022-05-24T19:37:00.041+1000 [DEBUG] [org.gradle.launcher.daemon.server.health.LowMemoryDaemonExpirationStrategy] Nearing low memory threshold - OS memory {Total: 17047392256, Free: 1096568832}
2022-05-24T19:37:00.042+1000 [DEBUG] [org.gradle.cache.internal.DefaultFileLockManager] Waiting to acquire shared lock on daemon addresses registry.
2022-05-24T19:37:00.042+1000 [DEBUG] [org.gradle.cache.internal.DefaultFileLockManager] Lock acquired on daemon addresses registry.
2022-05-24T19:37:00.043+1000 [DEBUG] [org.gradle.cache.internal.DefaultFileLockManager] Releasing lock on daemon addresses registry.
2022-05-24T19:37:04.614+1000 [DEBUG] [org.gradle.process.internal.health.memory.DefaultMemoryManager] 1704739225 memory requested, 858161152 free
2022-05-24T19:37:04.614+1000 [DEBUG] [org.gradle.workers.internal.WorkerDaemonExpiration] Will attempt to release 1625 of memory
2022-05-24T19:37:04.614+1000 [DEBUG] [org.gradle.process.internal.health.memory.DefaultMemoryManager] 1704739225 memory requested, 0 released, 858161152 free
2022-05-24T19:37:09.616+1000 [DEBUG] [org.gradle.process.internal.health.memory.DefaultMemoryManager] 1704739225 memory requested, 845262848 free
2022-05-24T19:37:09.616+1000 [DEBUG] [org.gradle.workers.internal.WorkerDaemonExpiration] Will attempt to release 1625 of memory
2022-05-24T19:37:09.616+1000 [DEBUG] [org.gradle.process.internal.health.memory.DefaultMemoryManager] 1704739225 memory requested, 0 released, 845262848 free
2022-05-24T19:37:10.038+1000 [DEBUG] [org.gradle.cache.internal.DefaultFileLockManager] Waiting to acquire shared lock on daemon addresses registry.
2022-05-24T19:37:10.040+1000 [DEBUG] [org.gradle.cache.internal.DefaultFileLockManager] Lock acquired on daemon addresses registry.
2022-05-24T19:37:10.042+1000 [DEBUG] [org.gradle.cache.internal.DefaultFileLockManager] Releasing lock on daemon addresses registry.
2022-05-24T19:37:10.048+1000 [DEBUG] [org.gradle.cache.internal.DefaultFileLockManager] Waiting to acquire shared lock on daemon addresses registry.
2022-05-24T19:37:10.049+1000 [DEBUG] [org.gradle.cache.internal.DefaultFileLockManager] Lock acquired on daemon addresses registry.
2022-05-24T19:37:10.050+1000 [DEBUG] [org.gradle.cache.internal.DefaultFileLockManager] Releasing lock on daemon addresses registry.
2022-05-24T19:37:10.051+1000 [INFO] [org.gradle.launcher.daemon.server.health.LowMemoryDaemonExpirationStrategy] after free system memory (806.1 MiB) fell below threshold of 812.8 MiB
2022-05-24T19:37:10.054+1000 [DEBUG] [org.gradle.cache.internal.DefaultFileLockManager] Waiting to acquire shared lock on daemon addresses registry.
2022-05-24T19:37:10.054+1000 [DEBUG] [org.gradle.cache.internal.DefaultFileLockManager] Lock acquired on daemon addresses registry.
2022-05-24T19:37:10.055+1000 [DEBUG] [org.gradle.cache.internal.DefaultFileLockManager] Releasing lock on daemon addresses registry.
2022-05-24T19:37:10.056+1000 [DEBUG] [org.gradle.launcher.daemon.server.DaemonRegistryUpdater] Storing daemon stop event: after being idle for 2 minutes and not recently used and to reclaim system memory
2022-05-24T19:37:10.056+1000 [DEBUG] [org.gradle.launcher.daemon.registry.PersistentDaemonRegistry] Storing daemon stop event with timestamp 1653385030057
2022-05-24T19:37:10.058+1000 [DEBUG] [org.gradle.cache.internal.DefaultFileLockManager] Waiting to acquire exclusive lock on daemon addresses registry.
2022-05-24T19:37:10.059+1000 [DEBUG] [org.gradle.cache.internal.DefaultFileLockManager] Lock acquired on daemon addresses registry.
2022-05-24T19:37:10.061+1000 [DEBUG] [org.gradle.cache.internal.DefaultFileLockManager] Releasing lock on daemon addresses registry.
2022-05-24T19:37:10.062+1000 [LIFECYCLE] [org.gradle.launcher.daemon.server.DaemonStateCoordinator] Daemon will be stopped at the end of the build after being idle for 2 minutes and not recently used and to reclaim system memory
2022-05-24T19:37:10.062+1000 [DEBUG] [org.gradle.launcher.daemon.server.DaemonStateCoordinator] Marking daemon stopped due to after being idle for 2 minutes and not recently used and to reclaim system memory. The daemon is running a build: false
2022-05-24T19:37:10.063+1000 [DEBUG] [org.gradle.launcher.daemon.server.DaemonStateCoordinator] daemon has stopped.
2022-05-24T19:37:10.063+1000 [DEBUG] [org.gradle.launcher.daemon.server.Daemon] stop() called on daemon
2022-05-24T19:37:10.063+1000 [INFO] [org.gradle.launcher.daemon.server.Daemon] Stop requested. Daemon is removing its presence from the registry...
2022-05-24T19:37:10.063+1000 [DEBUG] [org.gradle.launcher.daemon.server.DaemonRegistryUpdater] Removing our presence to clients, eg. removing this address from the registry: [d16c10ac-f8c2-41d7-a393-ed118a193d4b port:50188, addresses:[localhost/127.0.0.1]]
2022-05-24T19:37:10.064+1000 [DEBUG] [org.gradle.launcher.daemon.registry.PersistentDaemonRegistry] Removing daemon address: [d16c10ac-f8c2-41d7-a393-ed118a193d4b port:50188, addresses:[localhost/127.0.0.1]]
2022-05-24T19:37:10.065+1000 [DEBUG] [org.gradle.cache.internal.DefaultFileLockManager] Waiting to acquire exclusive lock on daemon addresses registry.
2022-05-24T19:37:10.066+1000 [DEBUG] [org.gradle.cache.internal.DefaultFileLockManager] Lock acquired on daemon addresses registry.
2022-05-24T19:37:10.068+1000 [DEBUG] [org.gradle.cache.internal.DefaultFileLockManager] Releasing lock on daemon addresses registry.
2022-05-24T19:37:10.069+1000 [DEBUG] [org.gradle.launcher.daemon.server.DaemonRegistryUpdater] Address removed from registry.
2022-05-24T19:37:10.072+1000 [DEBUG] [org.gradle.cache.internal.DefaultPersistentDirectoryStore] jars (E:\Java\Java exercise\caches\jars-9) has last been fully cleaned up 8 hours ago
2022-05-24T19:37:10.073+1000 [DEBUG] [org.gradle.cache.internal.DefaultPersistentDirectoryStore] Artifact transforms cache (E:\Java\Java exercise\caches\transforms-3) has last been fully cleaned up 8 hours ago
2022-05-24T19:37:10.073+1000 [DEBUG] [org.gradle.cache.internal.DefaultCacheAccess] Cache Artifact transforms cache (E:\Java\Java exercise\caches\transforms-3) was closed 0 times.
2022-05-24T19:37:10.077+1000 [DEBUG] [org.gradle.cache.internal.LockOnDemandCrossProcessCacheAccess] Releasing file lock for file content cache (E:\Java\Java exercise\caches\7.4\fileContent)
2022-05-24T19:37:10.077+1000 [DEBUG] [org.gradle.cache.internal.DefaultFileLockManager] Releasing lock on file content cache (E:\Java\Java exercise\caches\7.4\fileContent).
2022-05-24T19:37:10.078+1000 [DEBUG] [org.gradle.internal.watch.vfs.impl.WatchingVirtualFileSystem] Closing VFS, dropping state
2022-05-24T19:37:10.081+1000 [DEBUG] [org.gradle.cache.internal.DefaultPersistentDirectoryStore] artifact cache (E:\Java\Java exercise\caches\modules-2) has last been fully cleaned up 8 hours ago
2022-05-24T19:37:10.081+1000 [DEBUG] [org.gradle.internal.watch.registry.impl.DefaultFileWatcherRegistry] Finished listening to file system change events
2022-05-24T19:37:10.082+1000 [DEBUG] [org.gradle.cache.internal.DefaultCacheAccess] Cache Generated Gradle JARs cache (E:\Java\Java exercise\caches\7.4\generated-gradle-jars) was closed 0 times.
2022-05-24T19:37:10.083+1000 [DEBUG] [org.gradle.cache.internal.LockOnDemandCrossProcessCacheAccess] Releasing file lock for execution history cache (E:\Java\Java exercise\caches\7.4\executionHistory)
2022-05-24T19:37:10.083+1000 [DEBUG] [org.gradle.cache.internal.DefaultFileLockManager] Releasing lock on execution history cache (E:\Java\Java exercise\caches\7.4\executionHistory).
2022-05-24T19:37:10.085+1000 [DEBUG] [org.gradle.cache.internal.LockOnDemandCrossProcessCacheAccess] Releasing file lock for Java compile cache (E:\Java\Java exercise\caches\7.4\javaCompile)
2022-05-24T19:37:10.085+1000 [DEBUG] [org.gradle.cache.internal.btree.BTreePersistentIndexedCache] Closing cache jarAnalysis.bin (E:\Java\Java exercise\caches\7.4\javaCompile\jarAnalysis.bin)
2022-05-24T19:37:10.085+1000 [DEBUG] [org.gradle.cache.internal.btree.BTreePersistentIndexedCache] Closing cache classAnalysis.bin (E:\Java\Java exercise\caches\7.4\javaCompile\classAnalysis.bin)
2022-05-24T19:37:10.086+1000 [DEBUG] [org.gradle.cache.internal.DefaultFileLockManager] Releasing lock on Java compile cache (E:\Java\Java exercise\caches\7.4\javaCompile).
Daemon vm is shutting down... The daemon has exited normally or was terminated in response to a user interrupt.
2022-05-24T19:37:10.089+1000 [DEBUG] [org.gradle.launcher.daemon.registry.PersistentDaemonRegistry] Removing daemon address: [d16c10ac-f8c2-41d7-a393-ed118a193d4b port:50188, addresses:[localhost/127.0.0.1]]
2022-05-24T19:37:10.090+1000 [DEBUG] [org.gradle.cache.internal.DefaultFileLockManager] Waiting to acquire exclusive lock on daemon addresses registry.
2022-05-24T19:37:10.091+1000 [DEBUG] [org.gradle.cache.internal.DefaultFileLockManager] Lock acquired on daemon addresses registry.
2022-05-24T19:37:10.092+1000 [DEBUG] [org.gradle.cache.internal.DefaultFileLockManager] Releasing lock on daemon addresses registry.
